<?xml version="1.0" encoding="UTF-8"?>
<!-- Generated by org.testng.reporters.JUnitReportReporter -->
<testsuite skipped="0" hostname="LAPTOP-CHA2QIE1" name="com.mitocode.controller.AdelantoSueldoControllerTest" tests="1" failures="0" timestamp="2020-02-04T11:35:37 COT" time="16.475" errors="0">
  <testcase name="listarTest" time="16.475" classname="com.mitocode.controller.AdelantoSueldoControllerTest"/>
</testsuite> <!-- com.mitocode.controller.AdelantoSueldoControllerTest -->
