<?xml version="1.0" encoding="UTF-8"?>
<!-- Generated by org.testng.reporters.JUnitReportReporter -->
<testsuite skipped="0" hostname="LAPTOP-CHA2QIE1" name="com.mitocode.controller.TestNG.TestTipoPagoController" tests="1" failures="0" timestamp="2019-12-23T10:51:13 COT" time="0.008" errors="0">
  <testcase name="testListarTipoPago" time="0.008" classname="com.mitocode.controller.TestNG.TestTipoPagoController"/>
</testsuite> <!-- com.mitocode.controller.TestNG.TestTipoPagoController -->
