<?xml version="1.0" encoding="UTF-8"?>
<!-- Generated by org.testng.reporters.JUnitReportReporter -->
<testsuite skipped="0" hostname="LAPTOP-U1VEC09F" name="com.mitocode.controller.TestNG.TestUsuarioController" tests="1" failures="0" timestamp="2020-03-02T16:43:25 COT" time="0.031" errors="1">
  <testcase name="testRegistrarUsuario" time="0.031" classname="com.mitocode.controller.TestNG.TestUsuarioController">
    <error type="java.lang.NullPointerException">
      <![CDATA[java.lang.NullPointerException
at com.mitocode.controller.TestNG.TestUsuarioController.testRegistrarUsuario(TestUsuarioController.java:53)
at org.springframework.test.context.testng.AbstractTestNGSpringContextTests.run(AbstractTestNGSpringContextTests.java:180)
]]>
    </error>
  </testcase> <!-- testRegistrarUsuario -->
</testsuite> <!-- com.mitocode.controller.TestNG.TestUsuarioController -->
