<?xml version="1.0" encoding="UTF-8"?>
<!-- Generated by org.testng.reporters.JUnitReportReporter -->
<testsuite skipped="0" hostname="LAPTOP-CHA2QIE1" name="com.mitocode.controller.TestNG.CuentaCargoControllerTest" tests="4" failures="0" timestamp="2020-02-11T16:13:37 COT" time="0.248" errors="0">
  <testcase name="eliminarTest" time="0.147" classname="com.mitocode.controller.TestNG.CuentaCargoControllerTest"/>
  <testcase name="listarEncargadoPlanTest" time="0.039" classname="com.mitocode.controller.TestNG.CuentaCargoControllerTest"/>
  <testcase name="registrarTest" time="0.016" classname="com.mitocode.controller.TestNG.CuentaCargoControllerTest"/>
  <testcase name="modificarTest" time="0.046" classname="com.mitocode.controller.TestNG.CuentaCargoControllerTest"/>
</testsuite> <!-- com.mitocode.controller.TestNG.CuentaCargoControllerTest -->
