<?xml version="1.0" encoding="UTF-8"?>
<!-- Generated by org.testng.reporters.JUnitReportReporter -->
<testsuite skipped="0" hostname="LAPTOP-U1VEC09F" name="com.mitocode.controller.TestNG.TestBancoController" tests="1" failures="0" timestamp="2020-01-15T16:51:50 COT" time="0.156" errors="0">
  <testcase name="testListarBanco" time="0.156" classname="com.mitocode.controller.TestNG.TestBancoController"/>
</testsuite> <!-- com.mitocode.controller.TestNG.TestBancoController -->
