<?xml version="1.0" encoding="UTF-8"?>
<!-- Generated by org.testng.reporters.JUnitReportReporter -->
<testsuite skipped="0" hostname="LAPTOP-CHA2QIE1" name="com.mitocode.controller.TestNG.GenerarTxtControllerTest" tests="2" failures="0" timestamp="2020-02-11T15:15:38 COT" time="0.390" errors="0">
  <testcase name="generarPersonalTest" time="0.134" classname="com.mitocode.controller.TestNG.GenerarTxtControllerTest"/>
  <testcase name="generarGeneralTest" time="0.256" classname="com.mitocode.controller.TestNG.GenerarTxtControllerTest"/>
</testsuite> <!-- com.mitocode.controller.TestNG.GenerarTxtControllerTest -->
