<?xml version="1.0" encoding="UTF-8"?>
<!-- Generated by org.testng.reporters.JUnitReportReporter -->
<testsuite skipped="0" hostname="LAPTOP-CHA2QIE1" name="com.mitocode.controller.TestNG.TestSituacionController" tests="1" failures="0" timestamp="2019-12-23T10:51:13 COT" time="0.006" errors="0">
  <testcase name="testListarSituacion" time="0.006" classname="com.mitocode.controller.TestNG.TestSituacionController"/>
</testsuite> <!-- com.mitocode.controller.TestNG.TestSituacionController -->
