<?xml version="1.0" encoding="UTF-8"?>
<!-- Generated by org.testng.reporters.JUnitReportReporter -->
<testsuite skipped="0" hostname="DESKTOP-RKV11L1" name="com.mitocode.repo.FaltasRepoTest" tests="1" failures="0" timestamp="2020-04-30T15:01:48 COT" time="27.827" errors="0">
  <testcase name="findByJustificadoAndPdoAnoAndPdoMesAndTrabajadorTest" time="27.827" classname="com.mitocode.repo.FaltasRepoTest"/>
  <system-out/>
</testsuite> <!-- com.mitocode.repo.FaltasRepoTest -->
