<?xml version="1.0" encoding="UTF-8"?>
<!-- Generated by org.testng.reporters.JUnitReportReporter -->
<testsuite skipped="0" hostname="LAPTOP-CHA2QIE1" name="com.mitocode.controller.TestNG.TestPaisController" tests="1" failures="0" timestamp="2019-12-23T10:51:13 COT" time="0.010" errors="0">
  <testcase name="testListarPais" time="0.010" classname="com.mitocode.controller.TestNG.TestPaisController"/>
</testsuite> <!-- com.mitocode.controller.TestNG.TestPaisController -->
