<?xml version="1.0" encoding="UTF-8"?>
<!-- Generated by org.testng.reporters.JUnitReportReporter -->
<testsuite skipped="0" hostname="LAPTOP-U1VEC09F" name="com.mitocode.controller.TestNG.TestEmpresaController" tests="4" failures="0" timestamp="2019-12-26T11:33:22 COT" time="0.400" errors="1">
  <testcase name="testRegistrarEmpresa" time="0.186" classname="com.mitocode.controller.TestNG.TestEmpresaController"/>
  <testcase name="testModificarEmpresa" time="0.087" classname="com.mitocode.controller.TestNG.TestEmpresaController"/>
  <testcase name="testEliminarEmpresa" time="0.016" classname="com.mitocode.controller.TestNG.TestEmpresaController">
    <error type="java.lang.Exception" message="Error al eliminar empresa">
      <![CDATA[java.lang.Exception: Error al eliminar empresa
at com.mitocode.controller.EmpresaController.eliminar(EmpresaController.java:139)
at com.mitocode.controller.EmpresaController$$FastClassBySpringCGLIB$$a4433a90.invoke(<generated>)
at org.springframework.cglib.proxy.MethodProxy.invoke(MethodProxy.java:218)
at org.springframework.aop.framework.CglibAopProxy$CglibMethodInvocation.invokeJoinpoint(CglibAopProxy.java:749)
at org.springframework.aop.framework.ReflectiveMethodInvocation.proceed(ReflectiveMethodInvocation.java:163)
at org.springframework.transaction.interceptor.TransactionAspectSupport.invokeWithinTransaction(TransactionAspectSupport.java:294)
at org.springframework.transaction.interceptor.TransactionInterceptor.invoke(TransactionInterceptor.java:98)
at org.springframework.aop.framework.ReflectiveMethodInvocation.proceed(ReflectiveMethodInvocation.java:186)
at org.springframework.aop.framework.CglibAopProxy$DynamicAdvisedInterceptor.intercept(CglibAopProxy.java:688)
at com.mitocode.controller.EmpresaController$$EnhancerBySpringCGLIB$$5a373114.eliminar(<generated>)
at com.mitocode.controller.TestNG.TestEmpresaController.testEliminarEmpresa(TestEmpresaController.java:57)
at sun.reflect.NativeMethodAccessorImpl.invoke0(Native Method)
at sun.reflect.NativeMethodAccessorImpl.invoke(Unknown Source)
at sun.reflect.DelegatingMethodAccessorImpl.invoke(Unknown Source)
at java.lang.reflect.Method.invoke(Unknown Source)
at org.testng.internal.MethodInvocationHelper.invokeMethod(MethodInvocationHelper.java:133)
at org.testng.internal.MethodInvocationHelper$1.runTestMethod(MethodInvocationHelper.java:239)
at org.springframework.test.context.testng.AbstractTestNGSpringContextTests.run(AbstractTestNGSpringContextTests.java:180)
at org.testng.internal.MethodInvocationHelper.invokeHookable(MethodInvocationHelper.java:251)
at org.testng.internal.TestInvoker.invokeMethod(TestInvoker.java:580)
at org.testng.internal.TestInvoker.invokeTestMethod(TestInvoker.java:172)
at org.testng.internal.MethodRunner.runInSequence(MethodRunner.java:46)
at org.testng.internal.TestInvoker$MethodInvocationAgent.invoke(TestInvoker.java:804)
at org.testng.internal.TestInvoker.invokeTestMethods(TestInvoker.java:145)
at org.testng.internal.TestMethodWorker.invokeTestMethods(TestMethodWorker.java:146)
at org.testng.internal.TestMethodWorker.run(TestMethodWorker.java:128)
at java.util.ArrayList.forEach(Unknown Source)
at org.testng.TestRunner.privateRun(TestRunner.java:770)
at org.testng.TestRunner.run(TestRunner.java:591)
at org.testng.SuiteRunner.runTest(SuiteRunner.java:402)
at org.testng.SuiteRunner.runSequentially(SuiteRunner.java:396)
at org.testng.SuiteRunner.privateRun(SuiteRunner.java:355)
at org.testng.SuiteRunner.run(SuiteRunner.java:304)
at org.testng.SuiteRunnerWorker.runSuite(SuiteRunnerWorker.java:53)
at org.testng.SuiteRunnerWorker.run(SuiteRunnerWorker.java:96)
at org.testng.TestNG.runSuitesSequentially(TestNG.java:1180)
at org.testng.TestNG.runSuitesLocally(TestNG.java:1102)
at org.testng.TestNG.runSuites(TestNG.java:1032)
at org.testng.TestNG.run(TestNG.java:1000)
at org.testng.remote.AbstractRemoteTestNG.run(AbstractRemoteTestNG.java:115)
at org.testng.remote.RemoteTestNG.initAndRun(RemoteTestNG.java:251)
at org.testng.remote.RemoteTestNG.main(RemoteTestNG.java:77)
]]>
    </error>
  </testcase> <!-- testEliminarEmpresa -->
  <testcase name="testListarEmpresa" time="0.111" classname="com.mitocode.controller.TestNG.TestEmpresaController"/>
</testsuite> <!-- com.mitocode.controller.TestNG.TestEmpresaController -->
