<?xml version="1.0" encoding="UTF-8"?>
<!-- Generated by org.testng.reporters.JUnitReportReporter -->
<testsuite skipped="0" hostname="DESKTOP-DOOHBB6" name="com.mitocode.controller.TestNG.TestTrabajadorController" tests="5" failures="0" timestamp="2020-03-12T18:44:37 COT" time="0.092" errors="2">
  <testcase name="testRegistrarTrabajador" time="0.067" classname="com.mitocode.controller.TestNG.TestTrabajadorController">
    <error type="java.lang.NullPointerException">
      <![CDATA[java.lang.NullPointerException
at com.mitocode.controller.TrabajadorController.registrar(TrabajadorController.java:46)
at com.mitocode.controller.TrabajadorController$$FastClassBySpringCGLIB$$a1d7619f.invoke(<generated>)
at org.springframework.cglib.proxy.MethodProxy.invoke(MethodProxy.java:218)
at org.springframework.aop.framework.CglibAopProxy$CglibMethodInvocation.invokeJoinpoint(CglibAopProxy.java:749)
at org.springframework.aop.framework.ReflectiveMethodInvocation.proceed(ReflectiveMethodInvocation.java:163)
at org.springframework.transaction.interceptor.TransactionAspectSupport.invokeWithinTransaction(TransactionAspectSupport.java:294)
at org.springframework.transaction.interceptor.TransactionInterceptor.invoke(TransactionInterceptor.java:98)
at org.springframework.aop.framework.ReflectiveMethodInvocation.proceed(ReflectiveMethodInvocation.java:186)
at org.springframework.aop.framework.CglibAopProxy$DynamicAdvisedInterceptor.intercept(CglibAopProxy.java:688)
at com.mitocode.controller.TrabajadorController$$EnhancerBySpringCGLIB$$7eec1477.registrar(<generated>)
at com.mitocode.controller.TestNG.TestTrabajadorController.testRegistrarTrabajador(TestTrabajadorController.java:34)
at org.springframework.test.context.testng.AbstractTestNGSpringContextTests.run(AbstractTestNGSpringContextTests.java:180)
]]>
    </error>
  </testcase> <!-- testRegistrarTrabajador -->
  <system-out/>
  <testcase name="testModificarTrabajador" time="0.002" classname="com.mitocode.controller.TestNG.TestTrabajadorController"/>
  <system-out/>
  <testcase name="testListarPorEmpresaTrabajador" time="0.011" classname="com.mitocode.controller.TestNG.TestTrabajadorController">
    <error type="org.springframework.security.authentication.AuthenticationCredentialsNotFoundException" message="An Authentication object was not found in the SecurityContext">
      <![CDATA[org.springframework.security.authentication.AuthenticationCredentialsNotFoundException: An Authentication object was not found in the SecurityContext
at org.springframework.security.access.intercept.AbstractSecurityInterceptor.credentialsNotFound(AbstractSecurityInterceptor.java:379)
at org.springframework.security.access.intercept.AbstractSecurityInterceptor.beforeInvocation(AbstractSecurityInterceptor.java:223)
at org.springframework.security.access.intercept.aopalliance.MethodSecurityInterceptor.invoke(MethodSecurityInterceptor.java:65)
at org.springframework.aop.framework.ReflectiveMethodInvocation.proceed(ReflectiveMethodInvocation.java:186)
at org.springframework.aop.framework.CglibAopProxy$DynamicAdvisedInterceptor.intercept(CglibAopProxy.java:688)
at com.mitocode.controller.TrabajadorController$$EnhancerBySpringCGLIB$$7eec1477.listarPorEmpresa(<generated>)
at com.mitocode.controller.TestNG.TestTrabajadorController.testListarPorEmpresaTrabajador(TestTrabajadorController.java:59)
at org.springframework.test.context.testng.AbstractTestNGSpringContextTests.run(AbstractTestNGSpringContextTests.java:180)
]]>
    </error>
  </testcase> <!-- testListarPorEmpresaTrabajador -->
  <system-out/>
  <testcase name="CrearContratoTrabajador" time="0.007" classname="com.mitocode.controller.TestNG.TestTrabajadorController"/>
  <system-out/>
  <testcase name="CrearTrabTrabajador" time="0.005" classname="com.mitocode.controller.TestNG.TestTrabajadorController"/>
  <system-out/>
</testsuite> <!-- com.mitocode.controller.TestNG.TestTrabajadorController -->
