<?xml version="1.0" encoding="UTF-8"?>
<!-- Generated by org.testng.reporters.JUnitReportReporter -->
<testsuite skipped="0" hostname="LAPTOP-CHA2QIE1" name="com.mitocode.controller.TestNG.TestOcupacionController" tests="1" failures="0" timestamp="2019-12-23T10:51:13 COT" time="0.162" errors="0">
  <testcase name="testListarNivelEdu" time="0.162" classname="com.mitocode.controller.TestNG.TestOcupacionController"/>
</testsuite> <!-- com.mitocode.controller.TestNG.TestOcupacionController -->
