<?xml version="1.0" encoding="UTF-8"?>
<!-- Generated by org.testng.reporters.JUnitReportReporter -->
<testsuite skipped="0" hostname="DESKTOP-RKV11L1" name="com.mitocode.controller.TestNG.TipoPlanillaControllerTest" tests="9" failures="2" timestamp="2020-03-18T09:45:14 COT" time="0.829" errors="5">
  <testcase name="listarTrabajodesLibres" time="0.407" classname="com.mitocode.controller.TestNG.TipoPlanillaControllerTest"/>
  <system-out/>
  <testcase name="testListarPorTipoPlanilla" time="0.050" classname="com.mitocode.controller.TestNG.TipoPlanillaControllerTest">
    <failure type="java.lang.AssertionError" message="expected [true] but found [false]">
      <![CDATA[java.lang.AssertionError: expected [true] but found [false]
at com.mitocode.controller.TestNG.TipoPlanillaControllerTest.testListarPorTipoPlanilla(TipoPlanillaControllerTest.java:129)
at org.springframework.test.context.testng.AbstractTestNGSpringContextTests.run(AbstractTestNGSpringContextTests.java:180)
]]>
    </failure>
  </testcase> <!-- testListarPorTipoPlanilla -->
  <system-out/>
  <testcase name="testRegistrarTipoPlanilla" time="0.109" classname="com.mitocode.controller.TestNG.TipoPlanillaControllerTest">
    <error type="com.mitocode.exception.ExceptionResponse">
      <![CDATA[com.mitocode.exception.ExceptionResponse
at com.mitocode.controller.TipoPlanillaController.registrar(TipoPlanillaController.java:85)
at com.mitocode.controller.TipoPlanillaController$$FastClassBySpringCGLIB$$ece2d6a6.invoke(<generated>)
at org.springframework.cglib.proxy.MethodProxy.invoke(MethodProxy.java:218)
at org.springframework.aop.framework.CglibAopProxy$CglibMethodInvocation.invokeJoinpoint(CglibAopProxy.java:749)
at org.springframework.aop.framework.ReflectiveMethodInvocation.proceed(ReflectiveMethodInvocation.java:163)
at org.springframework.transaction.interceptor.TransactionAspectSupport.invokeWithinTransaction(TransactionAspectSupport.java:294)
at org.springframework.transaction.interceptor.TransactionInterceptor.invoke(TransactionInterceptor.java:98)
at org.springframework.aop.framework.ReflectiveMethodInvocation.proceed(ReflectiveMethodInvocation.java:186)
at org.springframework.aop.framework.CglibAopProxy$DynamicAdvisedInterceptor.intercept(CglibAopProxy.java:688)
at com.mitocode.controller.TipoPlanillaController$$EnhancerBySpringCGLIB$$5ea1963f.registrar(<generated>)
at com.mitocode.controller.TestNG.TipoPlanillaControllerTest.testRegistrarTipoPlanilla(TipoPlanillaControllerTest.java:88)
at org.springframework.test.context.testng.AbstractTestNGSpringContextTests.run(AbstractTestNGSpringContextTests.java:180)
]]>
    </error>
  </testcase> <!-- testRegistrarTipoPlanilla -->
  <system-out/>
  <testcase name="eliminarTPD" time="0.129" classname="com.mitocode.controller.TestNG.TipoPlanillaControllerTest">
    <error type="com.mitocode.exception.ExceptionResponse">
      <![CDATA[com.mitocode.exception.ExceptionResponse
at com.mitocode.controller.TipoPlanillaController.eliminarTPD(TipoPlanillaController.java:204)
at com.mitocode.controller.TipoPlanillaController$$FastClassBySpringCGLIB$$ece2d6a6.invoke(<generated>)
at org.springframework.cglib.proxy.MethodProxy.invoke(MethodProxy.java:218)
at org.springframework.aop.framework.CglibAopProxy$CglibMethodInvocation.invokeJoinpoint(CglibAopProxy.java:749)
at org.springframework.aop.framework.ReflectiveMethodInvocation.proceed(ReflectiveMethodInvocation.java:163)
at org.springframework.transaction.interceptor.TransactionAspectSupport.invokeWithinTransaction(TransactionAspectSupport.java:294)
at org.springframework.transaction.interceptor.TransactionInterceptor.invoke(TransactionInterceptor.java:98)
at org.springframework.aop.framework.ReflectiveMethodInvocation.proceed(ReflectiveMethodInvocation.java:186)
at org.springframework.aop.framework.CglibAopProxy$DynamicAdvisedInterceptor.intercept(CglibAopProxy.java:688)
at com.mitocode.controller.TipoPlanillaController$$EnhancerBySpringCGLIB$$5ea1963f.eliminarTPD(<generated>)
at com.mitocode.controller.TestNG.TipoPlanillaControllerTest.eliminarTPD(TipoPlanillaControllerTest.java:51)
at org.springframework.test.context.testng.AbstractTestNGSpringContextTests.run(AbstractTestNGSpringContextTests.java:180)
]]>
    </error>
  </testcase> <!-- eliminarTPD -->
  <system-out/>
  <testcase name="ListarTipoPlanillaPorEmpresa" time="0.012" classname="com.mitocode.controller.TestNG.TipoPlanillaControllerTest">
    <failure type="java.lang.AssertionError" message="expected [2] but found [3]">
      <![CDATA[java.lang.AssertionError: expected [2] but found [3]
at com.mitocode.controller.TestNG.TipoPlanillaControllerTest.ListarTipoPlanillaPorEmpresa(TipoPlanillaControllerTest.java:75)
at org.springframework.test.context.testng.AbstractTestNGSpringContextTests.run(AbstractTestNGSpringContextTests.java:180)
]]>
    </failure>
  </testcase> <!-- ListarTipoPlanillaPorEmpresa -->
  <system-out/>
  <testcase name="testAsignarTrabajador" time="0.078" classname="com.mitocode.controller.TestNG.TipoPlanillaControllerTest">
    <error type="com.mitocode.exception.ExceptionResponse">
      <![CDATA[com.mitocode.exception.ExceptionResponse
at com.mitocode.controller.TipoPlanillaController.registrarTrabajadores(TipoPlanillaController.java:254)
at com.mitocode.controller.TipoPlanillaController$$FastClassBySpringCGLIB$$ece2d6a6.invoke(<generated>)
at org.springframework.cglib.proxy.MethodProxy.invoke(MethodProxy.java:218)
at org.springframework.aop.framework.CglibAopProxy$DynamicAdvisedInterceptor.intercept(CglibAopProxy.java:684)
at com.mitocode.controller.TipoPlanillaController$$EnhancerBySpringCGLIB$$5ea1963f.registrarTrabajadores(<generated>)
at com.mitocode.controller.TestNG.TipoPlanillaControllerTest.testAsignarTrabajador(TipoPlanillaControllerTest.java:108)
at org.springframework.test.context.testng.AbstractTestNGSpringContextTests.run(AbstractTestNGSpringContextTests.java:180)
]]>
    </error>
  </testcase> <!-- testAsignarTrabajador -->
  <system-out/>
  <testcase name="testListarPorPerfil" time="0.031" classname="com.mitocode.controller.TestNG.TipoPlanillaControllerTest"/>
  <system-out/>
  <testcase name="testModifcar" time="0.005" classname="com.mitocode.controller.TestNG.TipoPlanillaControllerTest">
    <error type="java.lang.NullPointerException">
      <![CDATA[java.lang.NullPointerException
at com.mitocode.controller.TipoPlanillaController.modificar(TipoPlanillaController.java:139)
at com.mitocode.controller.TipoPlanillaController$$FastClassBySpringCGLIB$$ece2d6a6.invoke(<generated>)
at org.springframework.cglib.proxy.MethodProxy.invoke(MethodProxy.java:218)
at org.springframework.aop.framework.CglibAopProxy$CglibMethodInvocation.invokeJoinpoint(CglibAopProxy.java:749)
at org.springframework.aop.framework.ReflectiveMethodInvocation.proceed(ReflectiveMethodInvocation.java:163)
at org.springframework.transaction.interceptor.TransactionAspectSupport.invokeWithinTransaction(TransactionAspectSupport.java:294)
at org.springframework.transaction.interceptor.TransactionInterceptor.invoke(TransactionInterceptor.java:98)
at org.springframework.aop.framework.ReflectiveMethodInvocation.proceed(ReflectiveMethodInvocation.java:186)
at org.springframework.aop.framework.CglibAopProxy$DynamicAdvisedInterceptor.intercept(CglibAopProxy.java:688)
at com.mitocode.controller.TipoPlanillaController$$EnhancerBySpringCGLIB$$5ea1963f.modificar(<generated>)
at com.mitocode.controller.TestNG.TipoPlanillaControllerTest.testModifcar(TipoPlanillaControllerTest.java:99)
at org.springframework.test.context.testng.AbstractTestNGSpringContextTests.run(AbstractTestNGSpringContextTests.java:180)
]]>
    </error>
  </testcase> <!-- testModifcar -->
  <system-out/>
  <testcase name="EliminarTipoPlanilla" time="0.008" classname="com.mitocode.controller.TestNG.TipoPlanillaControllerTest">
    <error type="com.mitocode.exception.ExceptionResponse">
      <![CDATA[com.mitocode.exception.ExceptionResponse
at com.mitocode.controller.TipoPlanillaController.eliminar(TipoPlanillaController.java:229)
at com.mitocode.controller.TipoPlanillaController$$FastClassBySpringCGLIB$$ece2d6a6.invoke(<generated>)
at org.springframework.cglib.proxy.MethodProxy.invoke(MethodProxy.java:218)
at org.springframework.aop.framework.CglibAopProxy$DynamicAdvisedInterceptor.intercept(CglibAopProxy.java:684)
at com.mitocode.controller.TipoPlanillaController$$EnhancerBySpringCGLIB$$5ea1963f.eliminar(<generated>)
at com.mitocode.controller.TestNG.TipoPlanillaControllerTest.EliminarTipoPlanilla(TipoPlanillaControllerTest.java:80)
at org.springframework.test.context.testng.AbstractTestNGSpringContextTests.run(AbstractTestNGSpringContextTests.java:180)
]]>
    </error>
  </testcase> <!-- EliminarTipoPlanilla -->
  <system-out/>
</testsuite> <!-- com.mitocode.controller.TestNG.TipoPlanillaControllerTest -->
